16:12:50.841 [main] INFO  org.testng.internal.Utils - [TestNG] Running:
  /Users/edgar-ovando/Library/Caches/JetBrains/IntelliJIdea2025.3/temp-testng-customsuite.xml

16:12:51.080 [main] INFO  stepsdefinitions.Steps - Launching Chrome browser
16:12:51.313 [main] INFO  io.github.bonigarcia.wdm.WebDriverManager - Using chromedriver 145.0.7632.77 (resolved driver for Chrome 145)
16:12:51.454 [main] INFO  io.github.bonigarcia.wdm.WebDriverManager - Exporting webdriver.chrome.driver as /Users/edgar-ovando/.cache/selenium/chromedriver/mac-arm64/145.0.7632.77/chromedriver
16:12:55.055 [main] INFO  stepsdefinitions.Steps - Opening URL :http://admin-demo.nopcommerce.com/login
16:12:57.399 [main] INFO  stepsdefinitions.Steps - Entering email as admin@yourstore.com and password admin
16:12:57.550 [main] INFO  stepsdefinitions.Steps - Clicking on Login
16:12:59.301 [main] INFO  stepsdefinitions.Steps - Test PASSED
16:12:59.318 [main] INFO  stepsdefinitions.Steps - Clicking on Log out
16:13:00.271 [main] INFO  stepsdefinitions.Steps - Test PASSED
16:13:00.274 [main] INFO  stepsdefinitions.Steps - Closing Browser
16:13:00.383 [main] INFO  stepsdefinitions.Steps - Launching Chrome browser
16:13:00.396 [main] INFO  io.github.bonigarcia.wdm.WebDriverManager - Using chromedriver 145.0.7632.77 (resolved driver for Chrome 145)
16:13:00.467 [main] INFO  io.github.bonigarcia.wdm.WebDriverManager - Exporting webdriver.chrome.driver as /Users/edgar-ovando/.cache/selenium/chromedriver/mac-arm64/145.0.7632.77/chromedriver
16:13:01.836 [main] INFO  stepsdefinitions.Steps - Opening URL :http://admin-demo.nopcommerce.com/login
16:13:02.529 [main] INFO  stepsdefinitions.Steps - Entering email as admin@yourstore.com and password admin
16:13:03.884 [main] INFO  stepsdefinitions.Steps - Clicking on Login
16:13:05.239 [main] INFO  stepsdefinitions.Steps - Test PASSED
16:13:05.244 [main] INFO  stepsdefinitions.Steps - Clicking on Log out
16:13:06.166 [main] INFO  stepsdefinitions.Steps - Test PASSED
16:13:06.169 [main] INFO  stepsdefinitions.Steps - Closing Browser
16:13:06.269 [main] INFO  stepsdefinitions.Steps - Launching Chrome browser
16:13:06.277 [main] INFO  io.github.bonigarcia.wdm.WebDriverManager - Using chromedriver 145.0.7632.77 (resolved driver for Chrome 145)
16:13:06.349 [main] INFO  io.github.bonigarcia.wdm.WebDriverManager - Exporting webdriver.chrome.driver as /Users/edgar-ovando/.cache/selenium/chromedriver/mac-arm64/145.0.7632.77/chromedriver
16:13:07.581 [main] INFO  stepsdefinitions.Steps - Opening URL :http://admin-demo.nopcommerce.com/login
16:13:08.679 [main] INFO  stepsdefinitions.Steps - Entering email as admin1@yourstore.com and password admin123
16:13:08.859 [main] INFO  stepsdefinitions.Steps - Clicking on Login
16:13:09.306 [main] INFO  stepsdefinitions.Steps - Test PASSED
